<?xml version="1.0" encoding="UTF-8"?>
<!-- Generated by org.testng.reporters.JUnitXMLReporter -->
<testsuite hostname="LAPTOP-I390DLKC" ignored="0" name="Surefire test" tests="3" failures="0" timestamp="2021-04-23T16:14:44 IST" time="60.378" errors="0">
  <testcase name="dataprovidertest" time="16.123" classname="Project.FrameWork.BaseTest"/>
  <testcase name="dataprovidertest" time="16.072" classname="Project.FrameWork.BaseTest"/>
  <testcase name="dataprovidertest" time="16.135" classname="Project.FrameWork.BaseTest"/>
</testsuite> <!-- Surefire test -->
