<?xml version="1.0" encoding="UTF-8"?>
<!-- Generated by org.testng.reporters.JUnitXMLReporter -->
<testsuite hostname="LAPTOP-I390DLKC" ignored="0" name="Default test" tests="2" failures="0" timestamp="13 Jul 2021 06:55:27 GMT" time="203.942" errors="0">
  <testcase name="runScenario" time="89.37" classname="io.cucumber.testng.AbstractTestNGCucumberTests"/>
  <testcase name="runScenario" time="113.941" classname="io.cucumber.testng.AbstractTestNGCucumberTests"/>
</testsuite> <!-- Default test -->
