<?xml version="1.0" encoding="UTF-8"?>
<testng-results skipped="0" failed="0" ignored="0" total="3" passed="3">
  <reporter-output>
  </reporter-output>
  <suite name="Surefire suite" duration-ms="60378" started-at="2021-04-23T16:13:44 IST" finished-at="2021-04-23T16:14:44 IST">
    <groups>
    </groups>
    <test name="Surefire test" duration-ms="60378" started-at="2021-04-23T16:13:44 IST" finished-at="2021-04-23T16:14:44 IST">
      <class name="Project.FrameWork.BaseTest">
        <test-method status="PASS" signature="LaunchingBrowser()[pri:0, instance:Project.FrameWork.BaseTest@223d2c72]" name="LaunchingBrowser" is-config="true" duration-ms="11867" started-at="2021-04-23T16:13:44 IST" finished-at="2021-04-23T16:13:56 IST">
          <reporter-output>
          </reporter-output>
        </test-method> <!-- LaunchingBrowser -->
        <test-method status="PASS" signature="dataprovidertest(java.lang.String,java.lang.String)[pri:0, instance:Project.FrameWork.BaseTest@223d2c72]" name="dataprovidertest" duration-ms="16123" started-at="2021-04-23T16:13:56 IST" data-provider="getData" finished-at="2021-04-23T16:14:12 IST">
          <params>
            <param index="0">
              <value>
                <![CDATA[sername]]>
              </value>
            </param>
            <param index="1">
              <value>
                <![CDATA[1234]]>
              </value>
            </param>
          </params>
          <reporter-output>
          </reporter-output>
        </test-method> <!-- dataprovidertest -->
        <test-method status="PASS" signature="dataprovidertest(java.lang.String,java.lang.String)[pri:0, instance:Project.FrameWork.BaseTest@223d2c72]" name="dataprovidertest" duration-ms="16072" started-at="2021-04-23T16:14:12 IST" data-provider="getData" finished-at="2021-04-23T16:14:28 IST">
          <params>
            <param index="0">
              <value>
                <![CDATA[qwwrtusername]]>
              </value>
            </param>
            <param index="1">
              <value>
                <![CDATA[0987]]>
              </value>
            </param>
          </params>
          <reporter-output>
          </reporter-output>
        </test-method> <!-- dataprovidertest -->
        <test-method status="PASS" signature="dataprovidertest(java.lang.String,java.lang.String)[pri:0, instance:Project.FrameWork.BaseTest@223d2c72]" name="dataprovidertest" duration-ms="16135" started-at="2021-04-23T16:14:28 IST" data-provider="getData" finished-at="2021-04-23T16:14:44 IST">
          <params>
            <param index="0">
              <value>
                <![CDATA[ername]]>
              </value>
            </param>
            <param index="1">
              <value>
                <![CDATA[5678ssword]]>
              </value>
            </param>
          </params>
          <reporter-output>
          </reporter-output>
        </test-method> <!-- dataprovidertest -->
        <test-method status="PASS" signature="close()[pri:0, instance:Project.FrameWork.BaseTest@223d2c72]" name="close" is-config="true" duration-ms="133" started-at="2021-04-23T16:14:44 IST" finished-at="2021-04-23T16:14:44 IST">
          <reporter-output>
          </reporter-output>
        </test-method> <!-- close -->
      </class> <!-- Project.FrameWork.BaseTest -->
    </test> <!-- Surefire test -->
  </suite> <!-- Surefire suite -->
</testng-results>
