<?xml version="1.0" encoding="UTF-8"?>
<testng-results skipped="0" failed="0" ignored="0" total="1" passed="1">
  <reporter-output>
  </reporter-output>
  <suite name="Default suite" duration-ms="124022" started-at="2021-06-08T13:16:34Z" finished-at="2021-06-08T13:18:38Z">
    <groups>
      <group name="cucumber">
        <method signature="AbstractTestNGCucumberTests.runScenario(io.cucumber.testng.PickleWrapper, io.cucumber.testng.FeatureWrapper)[pri:0, instance:CucumberOptionsss.TestRunnerTestNG@59494225]" name="runScenario" class="io.cucumber.testng.AbstractTestNGCucumberTests"/>
      </group> <!-- cucumber -->
    </groups>
    <test name="Default test" duration-ms="124022" started-at="2021-06-08T13:16:34Z" finished-at="2021-06-08T13:18:38Z">
      <class name="CucumberOptionsss.TestRunnerTestNG">
        <test-method status="PASS" signature="setUpClass()[pri:0, instance:CucumberOptionsss.TestRunnerTestNG@59494225]" name="setUpClass" is-config="true" duration-ms="541" started-at="2021-06-08T13:16:34Z" finished-at="2021-06-08T13:16:34Z">
          <reporter-output>
          </reporter-output>
        </test-method> <!-- setUpClass -->
        <test-method status="PASS" signature="runScenario(io.cucumber.testng.PickleWrapper, io.cucumber.testng.FeatureWrapper)[pri:0, instance:CucumberOptionsss.TestRunnerTestNG@59494225]" name="runScenario" duration-ms="123411" started-at="2021-06-08T13:16:34Z" description="Runs Cucumber Scenarios" data-provider="scenarios" finished-at="2021-06-08T13:18:37Z">
          <params>
            <param index="0">
              <value>
                <![CDATA["To verify user credentials to sign-up and log-in"]]>
              </value>
            </param>
            <param index="1">
              <value>
                <![CDATA["Optional[FrameWork on Demoblaze]"]]>
              </value>
            </param>
          </params>
          <reporter-output>
          </reporter-output>
        </test-method> <!-- runScenario -->
        <test-method status="PASS" signature="tearDownClass()[pri:0, instance:CucumberOptionsss.TestRunnerTestNG@59494225]" name="tearDownClass" is-config="true" duration-ms="37" started-at="2021-06-08T13:18:37Z" finished-at="2021-06-08T13:18:38Z">
          <reporter-output>
          </reporter-output>
        </test-method> <!-- tearDownClass -->
      </class> <!-- CucumberOptionsss.TestRunnerTestNG -->
    </test> <!-- Default test -->
  </suite> <!-- Default suite -->
</testng-results>
