<?xml version="1.0" encoding="UTF-8"?>
<testng-results skipped="0" failed="0" ignored="0" total="2" passed="2">
  <reporter-output>
  </reporter-output>
  <suite name="Default suite" duration-ms="203942" started-at="2021-07-13T06:52:03Z" finished-at="2021-07-13T06:55:27Z">
    <groups>
      <group name="cucumber">
        <method signature="AbstractTestNGCucumberTests.runScenario(io.cucumber.testng.PickleWrapper, io.cucumber.testng.FeatureWrapper)[pri:0, instance:CucumberOptionsss.TestRunnerTestNG@27c20538]" name="runScenario" class="io.cucumber.testng.AbstractTestNGCucumberTests"/>
      </group> <!-- cucumber -->
    </groups>
    <test name="Default test" duration-ms="203942" started-at="2021-07-13T06:52:03Z" finished-at="2021-07-13T06:55:27Z">
      <class name="CucumberOptionsss.TestRunnerTestNG">
        <test-method status="PASS" signature="setUpClass()[pri:0, instance:CucumberOptionsss.TestRunnerTestNG@27c20538]" name="setUpClass" is-config="true" duration-ms="567" started-at="2021-07-13T06:52:03Z" finished-at="2021-07-13T06:52:03Z">
          <reporter-output>
          </reporter-output>
        </test-method> <!-- setUpClass -->
        <test-method status="PASS" signature="runScenario(io.cucumber.testng.PickleWrapper, io.cucumber.testng.FeatureWrapper)[pri:0, instance:CucumberOptionsss.TestRunnerTestNG@27c20538]" name="runScenario" duration-ms="89370" started-at="2021-07-13T06:52:03Z" description="Runs Cucumber Scenarios" data-provider="scenarios" finished-at="2021-07-13T06:53:33Z">
          <params>
            <param index="0">
              <value>
                <![CDATA["To verify user credentials to sign-up and log-in"]]>
              </value>
            </param>
            <param index="1">
              <value>
                <![CDATA["Optional[FrameWork on Demoblaze]"]]>
              </value>
            </param>
          </params>
          <reporter-output>
          </reporter-output>
        </test-method> <!-- runScenario -->
        <test-method status="PASS" signature="runScenario(io.cucumber.testng.PickleWrapper, io.cucumber.testng.FeatureWrapper)[pri:0, instance:CucumberOptionsss.TestRunnerTestNG@27c20538]" name="runScenario" duration-ms="113941" started-at="2021-07-13T06:53:33Z" description="Runs Cucumber Scenarios" data-provider="scenarios" finished-at="2021-07-13T06:55:27Z">
          <params>
            <param index="0">
              <value>
                <![CDATA["To verify end to end purchase"]]>
              </value>
            </param>
            <param index="1">
              <value>
                <![CDATA["Optional[FrameWork on Demoblaze]"]]>
              </value>
            </param>
          </params>
          <reporter-output>
          </reporter-output>
        </test-method> <!-- runScenario -->
        <test-method status="PASS" signature="tearDownClass()[pri:0, instance:CucumberOptionsss.TestRunnerTestNG@27c20538]" name="tearDownClass" is-config="true" duration-ms="24" started-at="2021-07-13T06:55:27Z" finished-at="2021-07-13T06:55:27Z">
          <reporter-output>
          </reporter-output>
        </test-method> <!-- tearDownClass -->
      </class> <!-- CucumberOptionsss.TestRunnerTestNG -->
    </test> <!-- Default test -->
  </suite> <!-- Default suite -->
</testng-results>
